Form1040: {
	// line 1 Wages
	wages: 50000

	// line 2a Tax-exempt interest
	taxExemptInterest: 50

	// line 3a Qualified dividends
	qualifiedDividends: 200

	// line 3b Ordinary dividends
	ordinaryDividends: 3200

	// line 25a Federal income tax withheld (W-2)
	w2TaxWithheld: 4500

	// Schedule B: Interest and Ordinary Dividends
	scheduleB: {
		// Part I Interest
		partI: {
			// line 1 List name of Payer + Amount
			list: [["bank 1", 15], ["passive investors llc", 16], ["acme corp llc", 1]]
			// line 2 Total
			total: 32
		}
		// Part II Ordinary Dividends
		partII: {
			// line 5 List name of Payer + Amount
			list: [["brokerage 1", 1200], ["brokerage 2", 2000]]
			// line 6 Total
			total: 3200
		}
	}

	// Schedule D: Capital Gains and Losses
	scheduleD: {
		// Part II Long-Term Capital Gains and Losses
		partII: {
			// line 8ad Proceeds
			longTermReportedProceeds: 50000
			// line 8ae Cost
			longTermReportedBasis: 25000
			// line 8ah Gain or loss
			longTermReportedGain: 25000

			// line 9d Proceeds
			longTermEProceeds: 5555
			// line 9e Cost
			longTermEBasis: 5000
			// line 9h Gain or loss
			longTermEGain: 555
		}
	}
}
